<?xml version="1.0" encoding="UTF-8"?>
<!-- Generated by org.testng.reporters.JUnitXMLReporter -->
<testsuite hostname="ANISHA" ignored="0" name="Regression Test" tests="2" failures="2" timestamp="2022-12-11T23:15:51 GMT" time="0.229" errors="0">
  <testcase name="userShouldNavigateToForgotPasswordPageSuccessfully" time="0.009" classname="com.orangehrmlive.demo.testsuite.ForgotPasswordTest">
    <failure type="java.lang.NullPointerException">
      <![CDATA[java.lang.NullPointerException
at com.orangehrmlive.demo.testsuite.ForgotPasswordTest.userShouldNavigateToForgotPasswordPageSuccessfully(ForgotPasswordTest.java:26)
at java.util.ArrayList.forEach(ArrayList.java:1249)
at com.intellij.rt.testng.IDEARemoteTestNG.run(IDEARemoteTestNG.java:66)
at com.intellij.rt.testng.RemoteTestNGStarter.main(RemoteTestNGStarter.java:109)
... Removed 24 stack frames]]>
    </failure>
  </testcase> <!-- userShouldNavigateToForgotPasswordPageSuccessfully -->
  <testcase name="userShouldNavigateToForgotPasswordPageSuccessfully" time="0.029" classname="com.orangehrmlive.demo.testsuite.ForgotPasswordTest">
    <failure type="java.lang.NullPointerException">
      <![CDATA[java.lang.NullPointerException
at com.orangehrmlive.demo.utility.Utility.takeScreenShot(Utility.java:350)
at com.orangehrmlive.demo.customlisteners.CustomListeners.onTestFailure(CustomListeners.java:34)
at java.util.ArrayList.forEach(ArrayList.java:1249)
at com.intellij.rt.testng.IDEARemoteTestNG.run(IDEARemoteTestNG.java:66)
at com.intellij.rt.testng.RemoteTestNGStarter.main(RemoteTestNGStarter.java:109)
... Removed 21 stack frames]]>
    </failure>
  </testcase> <!-- userShouldNavigateToForgotPasswordPageSuccessfully -->
</testsuite> <!-- Regression Test -->
