<?xml version="1.0" encoding="UTF-8"?>
<testng-results skipped="0" failed="0" ignored="0" total="1" passed="1">
  <reporter-output>
    <line>
      <![CDATA[Click on ForgotPasswordLink]]>
    </line>
    <line>
      <![CDATA[Error Message Displayed]]>
    </line>
  </reporter-output>
  <suite name="Default Suite" duration-ms="13504" started-at="2022-12-11T23:16:13 GMT" finished-at="2022-12-11T23:16:26 GMT">
    <groups>
      <group name="regression">
        <method signature="ForgotPasswordTest.userShouldNavigateToForgotPasswordPageSuccessfully()[pri:0, instance:com.orangehrmlive.demo.testsuite.ForgotPasswordTest@2781e022]" name="userShouldNavigateToForgotPasswordPageSuccessfully" class="com.orangehrmlive.demo.testsuite.ForgotPasswordTest"/>
      </group> <!-- regression -->
      <group name="sanity">
        <method signature="ForgotPasswordTest.userShouldNavigateToForgotPasswordPageSuccessfully()[pri:0, instance:com.orangehrmlive.demo.testsuite.ForgotPasswordTest@2781e022]" name="userShouldNavigateToForgotPasswordPageSuccessfully" class="com.orangehrmlive.demo.testsuite.ForgotPasswordTest"/>
      </group> <!-- sanity -->
    </groups>
    <test name="com-orangehrmlive-maven-page-factory-anisha" duration-ms="13504" started-at="2022-12-11T23:16:13 GMT" finished-at="2022-12-11T23:16:26 GMT">
      <class name="com.orangehrmlive.demo.testsuite.ForgotPasswordTest">
        <test-method status="PASS" signature="setUp()[pri:0, instance:com.orangehrmlive.demo.testsuite.ForgotPasswordTest@2781e022]" name="setUp" is-config="true" duration-ms="9947" started-at="2022-12-11T23:16:13 GMT" finished-at="2022-12-11T23:16:23 GMT">
          <reporter-output>
          </reporter-output>
        </test-method> <!-- setUp -->
        <test-method status="PASS" signature="inIt()[pri:0, instance:com.orangehrmlive.demo.testsuite.ForgotPasswordTest@2781e022]" name="inIt" is-config="true" duration-ms="14" started-at="2022-12-11T23:16:23 GMT" finished-at="2022-12-11T23:16:23 GMT">
          <reporter-output>
          </reporter-output>
        </test-method> <!-- inIt -->
        <test-method status="PASS" signature="userShouldNavigateToForgotPasswordPageSuccessfully()[pri:0, instance:com.orangehrmlive.demo.testsuite.ForgotPasswordTest@2781e022]" name="userShouldNavigateToForgotPasswordPageSuccessfully" duration-ms="2604" started-at="2022-12-11T23:16:23 GMT" finished-at="2022-12-11T23:16:25 GMT">
          <reporter-output>
            <line>
              <![CDATA[Click on ForgotPasswordLink]]>
            </line>
            <line>
              <![CDATA[Error Message Displayed]]>
            </line>
          </reporter-output>
        </test-method> <!-- userShouldNavigateToForgotPasswordPageSuccessfully -->
        <test-method status="PASS" signature="tearDown()[pri:0, instance:com.orangehrmlive.demo.testsuite.ForgotPasswordTest@2781e022]" name="tearDown" is-config="true" duration-ms="685" started-at="2022-12-11T23:16:25 GMT" finished-at="2022-12-11T23:16:26 GMT">
          <reporter-output>
          </reporter-output>
        </test-method> <!-- tearDown -->
      </class> <!-- com.orangehrmlive.demo.testsuite.ForgotPasswordTest -->
    </test> <!-- com-orangehrmlive-maven-page-factory-anisha -->
  </suite> <!-- Default Suite -->
</testng-results>
